<?xml version="1.0" encoding="UTF-8"?>
<!-- Generated by org.testng.reporters.JUnitReportReporter -->
<testsuite hostname="Q10058" name="com.Stockaccounting.masterscripts.SAtc" tests="1" failures="0" timestamp="13 Jul 2016 10:48:47 GMT" time="12.232" errors="0">
  <testcase name="SC" time="12.232" classname="com.Stockaccounting.masterscripts.SAtc"/>
</testsuite> <!-- com.Stockaccounting.masterscripts.SAtc -->
